<?xml version="1.0" encoding="UTF-8"?>
<!-- Generated by org.testng.reporters.JUnitReportReporter -->
<testsuite skipped="0" hostname="LufroxGaming" name="TestVagrantCodingAssignment.TestVagrantCodingAssignment.TestCases" tests="2" failures="0" timestamp="23 Oct 2022 04:05:32 GMT" time="0.014" errors="0">
  <testcase name="getCountOfForeignPlayersCount" time="0.008" classname="TestVagrantCodingAssignment.TestVagrantCodingAssignment.TestCases"/>
  <testcase name="getCountOfWicketKeeperPlayers" time="0.006" classname="TestVagrantCodingAssignment.TestVagrantCodingAssignment.TestCases"/>
</testsuite> <!-- TestVagrantCodingAssignment.TestVagrantCodingAssignment.TestCases -->
