<?xml version="1.0" encoding="UTF-8"?>
<!-- Generated by org.testng.reporters.JUnitReportReporter -->
<testsuite skipped="0" hostname="LufroxGaming" name="com.testvagrant.testcases.TestCases" tests="2" failures="0" timestamp="23 Oct 2022 06:30:11 GMT" time="0.012" errors="0">
  <testcase name="getCountOfForeignPlayersCount" time="0.010" classname="com.testvagrant.testcases.TestCases"/>
  <testcase name="getCountOfWicketKeeperPlayers" time="0.002" classname="com.testvagrant.testcases.TestCases"/>
</testsuite> <!-- com.testvagrant.testcases.TestCases -->
